<?xml version="1.0" encoding="UTF-8"?>
<testsuite xmlns:xsi="http://www.w3.org/2001/XMLSchema-instance" xsi:noNamespaceSchemaLocation="https://maven.apache.org/surefire/maven-surefire-plugin/xsd/surefire-test-report.xsd" name="com.andrewhun.calculator.MainTestCase" time="39.99" tests="15" errors="0" skipped="0" failures="0">
  <properties>
    <property name="sun.desktop" value="windows"/>
    <property name="awt.toolkit" value="sun.awt.windows.WToolkit"/>
    <property name="java.specification.version" value="11"/>
    <property name="sun.cpu.isalist" value="amd64"/>
    <property name="sun.jnu.encoding" value="Cp1250"/>
    <property name="java.class.path" value="C:\Users\András\Downloads\git_projects\java_practice\CalculatorGui\target\test-classes;C:\Users\András\Downloads\git_projects\java_practice\CalculatorGui\target\classes;C:\.m2\repository\org\openjfx\javafx-graphics\11.0.1\javafx-graphics-11.0.1.jar;C:\.m2\repository\org\openjfx\javafx-graphics\11.0.1\javafx-graphics-11.0.1-win.jar;C:\.m2\repository\org\openjfx\javafx-fxml\11.0.1\javafx-fxml-11.0.1.jar;C:\.m2\repository\org\openjfx\javafx-fxml\11.0.1\javafx-fxml-11.0.1-win.jar;C:\.m2\repository\org\openjfx\javafx-base\11.0.1\javafx-base-11.0.1.jar;C:\.m2\repository\org\openjfx\javafx-base\11.0.1\javafx-base-11.0.1-win.jar;C:\.m2\repository\org\openjfx\javafx-controls\11.0.1\javafx-controls-11.0.1.jar;C:\.m2\repository\org\openjfx\javafx-controls\11.0.1\javafx-controls-11.0.1-win.jar;C:\.m2\repository\org\openjfx\javafx-media\11.0.1\javafx-media-11.0.1.jar;C:\.m2\repository\org\openjfx\javafx-media\11.0.1\javafx-media-11.0.1-win.jar;C:\.m2\repository\org\junit\jupiter\junit-jupiter-api\5.3.2\junit-jupiter-api-5.3.2.jar;C:\.m2\repository\org\apiguardian\apiguardian-api\1.0.0\apiguardian-api-1.0.0.jar;C:\.m2\repository\org\opentest4j\opentest4j\1.1.1\opentest4j-1.1.1.jar;C:\.m2\repository\org\junit\platform\junit-platform-commons\1.3.2\junit-platform-commons-1.3.2.jar;C:\.m2\repository\org\junit\jupiter\junit-jupiter-params\5.3.2\junit-jupiter-params-5.3.2.jar;C:\.m2\repository\org\junit\jupiter\junit-jupiter-engine\5.3.2\junit-jupiter-engine-5.3.2.jar;C:\.m2\repository\org\junit\platform\junit-platform-engine\1.3.2\junit-platform-engine-1.3.2.jar;C:\.m2\repository\org\testfx\testfx-core\4.0.15-alpha\testfx-core-4.0.15-alpha.jar;C:\.m2\repository\org\hamcrest\hamcrest-core\1.3\hamcrest-core-1.3.jar;C:\.m2\repository\org\assertj\assertj-core\3.11.1\assertj-core-3.11.1.jar;C:\.m2\repository\org\testfx\testfx-junit5\4.0.15-alpha\testfx-junit5-4.0.15-alpha.jar;"/>
    <property name="java.vm.vendor" value="Oracle Corporation"/>
    <property name="sun.arch.data.model" value="64"/>
    <property name="user.variant" value=""/>
    <property name="java.vendor.url" value="http://java.oracle.com/"/>
    <property name="user.timezone" value="Europe/Prague"/>
    <property name="java.vm.specification.version" value="11"/>
    <property name="os.name" value="Windows 10"/>
    <property name="sun.java.launcher" value="SUN_STANDARD"/>
    <property name="user.country" value="HU"/>
    <property name="sun.boot.library.path" value="C:\Java\jdk-11.0.1\bin"/>
    <property name="sun.java.command" value="C:\Users\ANDRS~1\AppData\Local\Temp\surefire8840842718580228081\surefirebooter2436092089307016009.jar C:\Users\András\AppData\Local\Temp\surefire8840842718580228081 2019-01-30T15-29-44_288-jvmRun1 surefire17975052172279969980tmp surefire_011232082540133947836tmp"/>
    <property name="jdk.debug" value="release"/>
    <property name="surefire.test.class.path" value="C:\Users\András\Downloads\git_projects\java_practice\CalculatorGui\target\test-classes;C:\Users\András\Downloads\git_projects\java_practice\CalculatorGui\target\classes;C:\.m2\repository\org\openjfx\javafx-graphics\11.0.1\javafx-graphics-11.0.1.jar;C:\.m2\repository\org\openjfx\javafx-graphics\11.0.1\javafx-graphics-11.0.1-win.jar;C:\.m2\repository\org\openjfx\javafx-fxml\11.0.1\javafx-fxml-11.0.1.jar;C:\.m2\repository\org\openjfx\javafx-fxml\11.0.1\javafx-fxml-11.0.1-win.jar;C:\.m2\repository\org\openjfx\javafx-base\11.0.1\javafx-base-11.0.1.jar;C:\.m2\repository\org\openjfx\javafx-base\11.0.1\javafx-base-11.0.1-win.jar;C:\.m2\repository\org\openjfx\javafx-controls\11.0.1\javafx-controls-11.0.1.jar;C:\.m2\repository\org\openjfx\javafx-controls\11.0.1\javafx-controls-11.0.1-win.jar;C:\.m2\repository\org\openjfx\javafx-media\11.0.1\javafx-media-11.0.1.jar;C:\.m2\repository\org\openjfx\javafx-media\11.0.1\javafx-media-11.0.1-win.jar;C:\.m2\repository\org\junit\jupiter\junit-jupiter-api\5.3.2\junit-jupiter-api-5.3.2.jar;C:\.m2\repository\org\apiguardian\apiguardian-api\1.0.0\apiguardian-api-1.0.0.jar;C:\.m2\repository\org\opentest4j\opentest4j\1.1.1\opentest4j-1.1.1.jar;C:\.m2\repository\org\junit\platform\junit-platform-commons\1.3.2\junit-platform-commons-1.3.2.jar;C:\.m2\repository\org\junit\jupiter\junit-jupiter-params\5.3.2\junit-jupiter-params-5.3.2.jar;C:\.m2\repository\org\junit\jupiter\junit-jupiter-engine\5.3.2\junit-jupiter-engine-5.3.2.jar;C:\.m2\repository\org\junit\platform\junit-platform-engine\1.3.2\junit-platform-engine-1.3.2.jar;C:\.m2\repository\org\testfx\testfx-core\4.0.15-alpha\testfx-core-4.0.15-alpha.jar;C:\.m2\repository\org\hamcrest\hamcrest-core\1.3\hamcrest-core-1.3.jar;C:\.m2\repository\org\assertj\assertj-core\3.11.1\assertj-core-3.11.1.jar;C:\.m2\repository\org\testfx\testfx-junit5\4.0.15-alpha\testfx-junit5-4.0.15-alpha.jar;"/>
    <property name="sun.cpu.endian" value="little"/>
    <property name="user.home" value="C:\Users\András"/>
    <property name="user.language" value="hu"/>
    <property name="java.specification.vendor" value="Oracle Corporation"/>
    <property name="java.version.date" value="2018-10-16"/>
    <property name="java.home" value="C:\Java\jdk-11.0.1"/>
    <property name="file.separator" value="\"/>
    <property name="basedir" value="C:\Users\András\Downloads\git_projects\java_practice\CalculatorGui"/>
    <property name="java.vm.compressedOopsMode" value="32-bit"/>
    <property name="line.separator" value="&#10;"/>
    <property name="java.specification.name" value="Java Platform API Specification"/>
    <property name="java.vm.specification.vendor" value="Oracle Corporation"/>
    <property name="java.awt.graphicsenv" value="sun.awt.Win32GraphicsEnvironment"/>
    <property name="surefire.real.class.path" value="C:\Users\ANDRS~1\AppData\Local\Temp\surefire8840842718580228081\surefirebooter2436092089307016009.jar"/>
    <property name="user.script" value=""/>
    <property name="sun.management.compiler" value="HotSpot 64-Bit Tiered Compilers"/>
    <property name="java.runtime.version" value="11.0.1+13-LTS"/>
    <property name="user.name" value="András"/>
    <property name="path.separator" value=";"/>
    <property name="os.version" value="10.0"/>
    <property name="java.runtime.name" value="Java(TM) SE Runtime Environment"/>
    <property name="file.encoding" value="Cp1250"/>
    <property name="java.vm.name" value="Java HotSpot(TM) 64-Bit Server VM"/>
    <property name="java.vendor.version" value="18.9"/>
    <property name="localRepository" value="C:\.m2\repository"/>
    <property name="java.vendor.url.bug" value="http://bugreport.java.com/bugreport/"/>
    <property name="java.io.tmpdir" value="C:\Users\ANDRS~1\AppData\Local\Temp\"/>
    <property name="java.version" value="11.0.1"/>
    <property name="user.dir" value="C:\Users\András\Downloads\git_projects\java_practice\CalculatorGui"/>
    <property name="os.arch" value="amd64"/>
    <property name="java.vm.specification.name" value="Java Virtual Machine Specification"/>
    <property name="java.awt.printerjob" value="sun.awt.windows.WPrinterJob"/>
    <property name="sun.os.patch.level" value=""/>
    <property name="java.library.path" value="C:\Java\jdk-11.0.1\bin;C:\WINDOWS\Sun\Java\bin;C:\WINDOWS\system32;C:\WINDOWS;C:\Program Files (x86)\Intel\iCLS Client\;C:\Program Files\Intel\iCLS Client\;C:\WINDOWS\system32;C:\WINDOWS;C:\WINDOWS\System32\Wbem;C:\WINDOWS\System32\WindowsPowerShell\v1.0\;C:\Program Files (x86)\Windows Live\Shared;C:\Program Files\Intel\Intel(R) Management Engine Components\DAL;C:\Program Files\Intel\Intel(R) Management Engine Components\IPT;C:\Program Files (x86)\Intel\Intel(R) Management Engine Components\DAL;C:\Program Files (x86)\Intel\Intel(R) Management Engine Components\IPT;C:\Program Files (x86)\Intel\OpenCL SDK\3.0\bin\x86;C:\Program Files (x86)\Intel\OpenCL SDK\3.0\bin\x64;C:\Program Files (x86)\ATI Technologies\ATI.ACE\Core-Static;C:\WINDOWS\system32\config\systemprofile\.dnx\bin;C:\Program Files\Microsoft DNX\Dnvm\;C:\Program Files\Microsoft SQL Server\130\Tools\Binn\;C:\WINDOWS\System32\OpenSSH\;C:\Program Files\nodejs\;C:\Java\jdk-11.0.1\bin;C:\Program Files\javafx-sdk-11.0.1\bin;C:\Maven\apache-maven-3.6.0\bin;C:\Users\András\AppData\Local\Programs\Python\Python37\Scripts\;C:\Users\András\AppData\Local\Programs\Python\Python37\;C:\Users\András\AppData\Local\Microsoft\WindowsApps;;C:\Program Files\Docker Toolbox;C:\Users\András\AppData\Roaming\npm;."/>
    <property name="java.vendor" value="Oracle Corporation"/>
    <property name="java.vm.info" value="mixed mode"/>
    <property name="java.vm.version" value="11.0.1+13-LTS"/>
    <property name="sun.io.unicode.encoding" value="UnicodeLittle"/>
    <property name="java.class.version" value="55.0"/>
  </properties>
  <testcase name="ensureThatZeroIsDisplayedCorrectly" classname="com.andrewhun.calculator.MainTestCase" time="1.612"/>
  <testcase name="ensureThatChainingOperationsWorks" classname="com.andrewhun.calculator.MainTestCase" time="2.591"/>
  <testcase name="ensureThatDefaultNumberIsReplaced" classname="com.andrewhun.calculator.MainTestCase" time="1.213"/>
  <testcase name="ensureThatAddingDecimalPointsWorks" classname="com.andrewhun.calculator.MainTestCase" time="1.546"/>
  <testcase name="ensureThatSlashButtonWorks" classname="com.andrewhun.calculator.MainTestCase" time="1.305"/>
  <testcase name="ensureThatSelectedDigitIsAppended" classname="com.andrewhun.calculator.MainTestCase" time="1.533"/>
  <testcase name="ensureThatChangingSignsWorks" classname="com.andrewhun.calculator.MainTestCase" time="2.674"/>
  <testcase name="ensureThatPlusButtonWorks" classname="com.andrewhun.calculator.MainTestCase" time="0.953"/>
  <testcase name="ensureThatClearingWorks" classname="com.andrewhun.calculator.MainTestCase" time="6.783"/>
  <testcase name="ensureThatDeletingDigitsWorks" classname="com.andrewhun.calculator.MainTestCase" time="3.03"/>
  <testcase name="ensureThatMinusButtonWorks" classname="com.andrewhun.calculator.MainTestCase" time="1.084"/>
  <testcase name="ensureThatDivisionByZeroIsCaught" classname="com.andrewhun.calculator.MainTestCase" time="3.769"/>
  <testcase name="ensureThatOperationChangingWorks" classname="com.andrewhun.calculator.MainTestCase" time="2.199"/>
  <testcase name="ensureThatResultsAreCorrect" classname="com.andrewhun.calculator.MainTestCase" time="8.715"/>
  <testcase name="ensureThatAsteriskButtonWorks" classname="com.andrewhun.calculator.MainTestCase" time="0.963"/>
</testsuite>